notifydemo/app/build/intermediates/manifest_merge_blame_file/debug/manifest-merger-blame-debug-report.txt
1<?xml version="1.0" encoding="utf-8"?>
2<manifest xmlns:android="http://schemas.android.com/apk/res/android"
3    package="edu.dcu.cs.notifydemo"
4    android:versionCode="1"
5    android:versionName="1.0" >
6
7    <uses-sdk
8        android:minSdkVersion="23"
8-->src\main\AndroidManifest.xml
9        android:targetSdkVersion="30" />
9-->src\main\AndroidManifest.xml
10
11    <application
11-->src\main\AndroidManifest.xml:8:5-18:19
12        android:appComponentFactory="androidx.core.app.CoreComponentFactory"
12-->[androidx.core:core:1.3.0] AndroidManifest.xml:24:18-86
13        android:debuggable="true"
14        android:extractNativeLibs="false"
15        android:icon="@drawable/icon"
15-->src\main\AndroidManifest.xml:8:18-47
16        android:label="@string/app_name"
16-->src\main\AndroidManifest.xml:8:48-80
17        android:testOnly="true" >
18        <activity
18-->src\main\AndroidManifest.xml:10:9-16:20
19            android:name="edu.dcu.cs.notifydemo.NotifyActivity"
19-->src\main\AndroidManifest.xml:10:19-70
20            android:label="@string/app_name" >
20-->src\main\AndroidManifest.xml:11:19-51
21            <intent-filter>
21-->src\main\AndroidManifest.xml:12:13-15:29
22                <action android:name="android.intent.action.MAIN" />
22-->src\main\AndroidManifest.xml:13:17-69
22-->src\main\AndroidManifest.xml:13:25-66
23
24                <category android:name="android.intent.category.LAUNCHER" />
24-->src\main\AndroidManifest.xml:14:17-77
24-->src\main\AndroidManifest.xml:14:27-74
25            </intent-filter>
26        </activity>
27
28        <service android:name="edu.dcu.cs.notifydemo.NotifyService" />
28-->src\main\AndroidManifest.xml:17:3-64
28-->src\main\AndroidManifest.xml:17:12-62
29    </application>
30
31</manifest>